<?xml version="1.0" encoding="UTF-8"?>
<testng-results ignored="2" total="4" passed="2" failed="0" skipped="0">
  <reporter-output>
  </reporter-output>
  <suite started-at="2022-04-06T11:42:14 IST" name="Suite" finished-at="2022-04-06T11:42:25 IST" duration-ms="11323">
    <groups>
    </groups>
    <test started-at="2022-04-06T11:42:14 IST" name="Test" finished-at="2022-04-06T11:42:25 IST" duration-ms="11323">
      <class name="test.HomePageTest">
        <test-method is-config="true" signature="initObject()[pri:0, instance:test.HomePageTest@34b7ac2f]" started-at="2022-04-06T11:42:14 IST" name="initObject" finished-at="2022-04-06T11:42:14 IST" depends-on-methods="test.BaseTest.beforeSuite" duration-ms="67" status="PASS">
          <reporter-output>
          </reporter-output>
        </test-method> <!-- initObject -->
        <test-method signature="logout()[pri:0, instance:test.HomePageTest@34b7ac2f]" started-at="2022-04-06T11:42:22 IST" name="logout" finished-at="2022-04-06T11:42:25 IST" duration-ms="2832" status="PASS">
          <reporter-output>
          </reporter-output>
        </test-method> <!-- logout -->
      </class> <!-- test.HomePageTest -->
      <class name="test.LoginTest">
        <test-method is-config="true" signature="beforeSuite()[pri:0, instance:test.LoginTest@1622f1b]" started-at="2022-04-06T11:41:44 IST" name="beforeSuite" finished-at="2022-04-06T11:42:14 IST" duration-ms="29439" status="PASS">
          <reporter-output>
          </reporter-output>
        </test-method> <!-- beforeSuite -->
        <test-method is-config="true" signature="init()[pri:0, instance:test.LoginTest@1622f1b]" started-at="2022-04-06T11:42:14 IST" name="init" finished-at="2022-04-06T11:42:14 IST" depends-on-methods="test.HomePageTest.initObject, test.BaseTest.beforeSuite" duration-ms="5" status="PASS">
          <reporter-output>
          </reporter-output>
        </test-method> <!-- init -->
        <test-method signature="login()[pri:0, instance:test.LoginTest@1622f1b]" started-at="2022-04-06T11:42:14 IST" name="login" finished-at="2022-04-06T11:42:22 IST" duration-ms="8404" status="PASS">
          <reporter-output>
          </reporter-output>
        </test-method> <!-- login -->
        <test-method is-config="true" signature="tearDown()[pri:0, instance:test.LoginTest@1622f1b]" started-at="2022-04-06T11:42:22 IST" name="tearDown" finished-at="2022-04-06T11:42:22 IST" duration-ms="1" status="PASS">
          <reporter-output>
          </reporter-output>
        </test-method> <!-- tearDown -->
        <test-method is-config="true" signature="afterSuite()[pri:0, instance:test.LoginTest@1622f1b]" started-at="2022-04-06T11:42:25 IST" name="afterSuite" finished-at="2022-04-06T11:42:27 IST" duration-ms="1961" status="PASS">
          <reporter-output>
          </reporter-output>
        </test-method> <!-- afterSuite -->
      </class> <!-- test.LoginTest -->
    </test> <!-- Test -->
  </suite> <!-- Suite -->
</testng-results>
