<?xml version="1.0" encoding="UTF-8"?>
<!-- Generated by org.testng.reporters.JUnitXMLReporter -->
<testsuite ignored="2" hostname="DESKTOP-F3DJ117" failures="0" tests="2" name="Test" time="11.323" errors="0" timestamp="2022-04-06T11:42:25 IST">
  <testcase classname="test.LoginTest" name="login" time="8.404"/>
  <testcase classname="test.HomePageTest" name="logout" time="2.832"/>
  <testcase classname="test.BaseTest" name="@BeforeSuite beforeSuite" time="0.0">
    <ignored/>
  </testcase> <!-- @BeforeSuite beforeSuite -->
  <testcase classname="test.BaseTest" name="@AfterSuite afterSuite" time="0.0">
    <ignored/>
  </testcase> <!-- @AfterSuite afterSuite -->
</testsuite> <!-- Test -->
